:!time python train.py
Using TensorFlow backend.
I tensorflow/stream_executor/dso_loader.cc:108] successfully opened CUDA library libcublas.so locally
I tensorflow/stream_executor/dso_loader.cc:108] successfully opened CUDA library libcudnn.so locally
I tensorflow/stream_executor/dso_loader.cc:108] successfully opened CUDA library libcufft.so locally
I tensorflow/stream_executor/dso_loader.cc:108] successfully opened CUDA library libcuda.so.1 locally
I tensorflow/stream_executor/dso_loader.cc:108] successfully opened CUDA library libcurand.so locally
(1000, 128, 128, 3) (1000, 128, 128, 1)
I tensorflow/stream_executor/cuda/cuda_gpu_executor.cc:925] successful NUMA node read from SysFS had negative value (-1), but there must be at least one NUMA node, so returning NUMA node zero
I tensorflow/core/common_runtime/gpu/gpu_init.cc:102] Found device 0 with properties: 
name: GeForce GTX TITAN X
major: 5 minor: 2 memoryClockRate (GHz) 1.076
pciBusID 0000:01:00.0
Total memory: 11.92GiB
Free memory: 11.81GiB
I tensorflow/core/common_runtime/gpu/gpu_init.cc:126] DMA: 0 
I tensorflow/core/common_runtime/gpu/gpu_init.cc:136] 0:   Y 
I tensorflow/core/common_runtime/gpu/gpu_device.cc:838] Creating TensorFlow device (/gpu:0) -> (device: 0, name: GeForce GTX TITAN X, pci bus id: 0000:01:00.0)
Train on 670 samples, validate on 330 samples
Epoch 1/100
 96/670 [===>..........................] - ETA: 10s - loss: -0.1759 - dice_coef: 0.1759I tensorflow/core/common_runtime/gpu/pool_allocator.cc:244] PoolAllocator: After 2878 get requests, put_count=2675 evicted_count=1000 eviction_rate=0.373832 and unsatisfied allocation rate=0.452745
670/670 [==============================] - 5s - loss: -0.1882 - dice_coef: 0.1882 - val_loss: -0.1849 - val_dice_coef: 0.1849
Epoch 2/100
670/670 [==============================] - 3s - loss: -0.2237 - dice_coef: 0.2237 - val_loss: -0.1870 - val_dice_coef: 0.1870
Epoch 3/100
224/670 [=========>....................] - ETA: 1s - loss: -0.2539 - dice_coef: 0.2539I tensorflow/core/common_runtime/gpu/pool_allocator.cc:244] PoolAllocator: After 5046 get requests, put_count=5040 evicted_count=1000 eviction_rate=0.198413 and unsatisfied allocation rate=0.203924
670/670 [==============================] - 3s - loss: -0.2596 - dice_coef: 0.2596 - val_loss: -0.2264 - val_dice_coef: 0.2264
Epoch 4/100
670/670 [==============================] - 3s - loss: -0.2854 - dice_coef: 0.2854 - val_loss: -0.2992 - val_dice_coef: 0.2992
Epoch 5/100
670/670 [==============================] - 3s - loss: -0.3029 - dice_coef: 0.3029 - val_loss: -0.3300 - val_dice_coef: 0.3300
Epoch 6/100
670/670 [==============================] - 3s - loss: -0.3147 - dice_coef: 0.3147 - val_loss: -0.3436 - val_dice_coef: 0.3436
Epoch 7/100
670/670 [==============================] - 3s - loss: -0.3254 - dice_coef: 0.3254 - val_loss: -0.3566 - val_dice_coef: 0.3566
Epoch 8/100
670/670 [==============================] - 3s - loss: -0.3389 - dice_coef: 0.3389 - val_loss: -0.3720 - val_dice_coef: 0.3720
Epoch 9/100
670/670 [==============================] - 3s - loss: -0.3539 - dice_coef: 0.3539 - val_loss: -0.3905 - val_dice_coef: 0.3905
Epoch 10/100
670/670 [==============================] - 3s - loss: -0.3728 - dice_coef: 0.3728 - val_loss: -0.4137 - val_dice_coef: 0.4137
Epoch 11/100
670/670 [==============================] - 3s - loss: -0.3978 - dice_coef: 0.3978 - val_loss: -0.4437 - val_dice_coef: 0.4437
Epoch 12/100
670/670 [==============================] - 3s - loss: -0.4305 - dice_coef: 0.4305 - val_loss: -0.4801 - val_dice_coef: 0.4801
Epoch 13/100
670/670 [==============================] - 3s - loss: -0.4679 - dice_coef: 0.4679 - val_loss: -0.5222 - val_dice_coef: 0.5222
Epoch 14/100
670/670 [==============================] - 3s - loss: -0.5112 - dice_coef: 0.5112 - val_loss: -0.5669 - val_dice_coef: 0.5669
Epoch 15/100
670/670 [==============================] - 3s - loss: -0.5557 - dice_coef: 0.5557 - val_loss: -0.6107 - val_dice_coef: 0.6107
Epoch 16/100
670/670 [==============================] - 3s - loss: -0.5988 - dice_coef: 0.5988 - val_loss: -0.6502 - val_dice_coef: 0.6502
Epoch 17/100
670/670 [==============================] - 3s - loss: -0.6422 - dice_coef: 0.6422 - val_loss: -0.6871 - val_dice_coef: 0.6871
Epoch 18/100
670/670 [==============================] - 3s - loss: -0.6811 - dice_coef: 0.6811 - val_loss: -0.7237 - val_dice_coef: 0.7237
Epoch 19/100
670/670 [==============================] - 3s - loss: -0.7163 - dice_coef: 0.7163 - val_loss: -0.7569 - val_dice_coef: 0.7569
Epoch 20/100
670/670 [==============================] - 3s - loss: -0.7507 - dice_coef: 0.7507 - val_loss: -0.7863 - val_dice_coef: 0.7863
Epoch 21/100
670/670 [==============================] - 3s - loss: -0.7790 - dice_coef: 0.7790 - val_loss: -0.8120 - val_dice_coef: 0.8120
Epoch 22/100
670/670 [==============================] - 3s - loss: -0.8095 - dice_coef: 0.8095 - val_loss: -0.8377 - val_dice_coef: 0.8377
Epoch 23/100
670/670 [==============================] - 3s - loss: -0.8375 - dice_coef: 0.8375 - val_loss: -0.8674 - val_dice_coef: 0.8674
Epoch 24/100
670/670 [==============================] - 3s - loss: -0.8607 - dice_coef: 0.8607 - val_loss: -0.8811 - val_dice_coef: 0.8811
Epoch 25/100
670/670 [==============================] - 3s - loss: -0.8776 - dice_coef: 0.8776 - val_loss: -0.8879 - val_dice_coef: 0.8879
Epoch 26/100
670/670 [==============================] - 3s - loss: -0.8912 - dice_coef: 0.8912 - val_loss: -0.9075 - val_dice_coef: 0.9075
Epoch 27/100
670/670 [==============================] - 3s - loss: -0.9030 - dice_coef: 0.9030 - val_loss: -0.9195 - val_dice_coef: 0.9195
Epoch 28/100
670/670 [==============================] - 3s - loss: -0.9140 - dice_coef: 0.9140 - val_loss: -0.9231 - val_dice_coef: 0.9231
Epoch 29/100
670/670 [==============================] - 3s - loss: -0.9230 - dice_coef: 0.9230 - val_loss: -0.9321 - val_dice_coef: 0.9321
Epoch 30/100
670/670 [==============================] - 3s - loss: -0.9315 - dice_coef: 0.9315 - val_loss: -0.9393 - val_dice_coef: 0.9393
Epoch 31/100
670/670 [==============================] - 3s - loss: -0.9351 - dice_coef: 0.9351 - val_loss: -0.9419 - val_dice_coef: 0.9419
Epoch 32/100
670/670 [==============================] - 3s - loss: -0.9407 - dice_coef: 0.9407 - val_loss: -0.9459 - val_dice_coef: 0.9459
Epoch 33/100
670/670 [==============================] - 3s - loss: -0.9437 - dice_coef: 0.9437 - val_loss: -0.9481 - val_dice_coef: 0.9481
Epoch 34/100
670/670 [==============================] - 3s - loss: -0.9469 - dice_coef: 0.9469 - val_loss: -0.9498 - val_dice_coef: 0.9498
Epoch 35/100
670/670 [==============================] - 3s - loss: -0.9500 - dice_coef: 0.9500 - val_loss: -0.9489 - val_dice_coef: 0.9489
Epoch 36/100
670/670 [==============================] - 3s - loss: -0.9521 - dice_coef: 0.9521 - val_loss: -0.9553 - val_dice_coef: 0.9553
Epoch 37/100
670/670 [==============================] - 3s - loss: -0.9561 - dice_coef: 0.9561 - val_loss: -0.9572 - val_dice_coef: 0.9572
Epoch 38/100
670/670 [==============================] - 3s - loss: -0.9591 - dice_coef: 0.9591 - val_loss: -0.9597 - val_dice_coef: 0.9597
Epoch 39/100
670/670 [==============================] - 3s - loss: -0.9605 - dice_coef: 0.9605 - val_loss: -0.9613 - val_dice_coef: 0.9613
Epoch 40/100
670/670 [==============================] - 3s - loss: -0.9625 - dice_coef: 0.9625 - val_loss: -0.9633 - val_dice_coef: 0.9633
Epoch 41/100
670/670 [==============================] - 3s - loss: -0.9639 - dice_coef: 0.9639 - val_loss: -0.9651 - val_dice_coef: 0.9651
Epoch 42/100
670/670 [==============================] - 3s - loss: -0.9647 - dice_coef: 0.9647 - val_loss: -0.9658 - val_dice_coef: 0.9658
Epoch 43/100
670/670 [==============================] - 3s - loss: -0.9659 - dice_coef: 0.9659 - val_loss: -0.9667 - val_dice_coef: 0.9667
Epoch 44/100
670/670 [==============================] - 3s - loss: -0.9675 - dice_coef: 0.9675 - val_loss: -0.9673 - val_dice_coef: 0.9673
Epoch 45/100
670/670 [==============================] - 3s - loss: -0.9678 - dice_coef: 0.9678 - val_loss: -0.9680 - val_dice_coef: 0.9680
Epoch 46/100
670/670 [==============================] - 3s - loss: -0.9687 - dice_coef: 0.9687 - val_loss: -0.9688 - val_dice_coef: 0.9688
Epoch 47/100
670/670 [==============================] - 3s - loss: -0.9700 - dice_coef: 0.9700 - val_loss: -0.9694 - val_dice_coef: 0.9694
Epoch 48/100
670/670 [==============================] - 3s - loss: -0.9705 - dice_coef: 0.9705 - val_loss: -0.9703 - val_dice_coef: 0.9703
Epoch 49/100
670/670 [==============================] - 3s - loss: -0.9712 - dice_coef: 0.9712 - val_loss: -0.9708 - val_dice_coef: 0.9708
Epoch 50/100
670/670 [==============================] - 3s - loss: -0.9721 - dice_coef: 0.9721 - val_loss: -0.9707 - val_dice_coef: 0.9707
Epoch 51/100
670/670 [==============================] - 3s - loss: -0.9719 - dice_coef: 0.9719 - val_loss: -0.9713 - val_dice_coef: 0.9713
Epoch 52/100
670/670 [==============================] - 3s - loss: -0.9729 - dice_coef: 0.9729 - val_loss: -0.9717 - val_dice_coef: 0.9717
Epoch 53/100
670/670 [==============================] - 3s - loss: -0.9739 - dice_coef: 0.9739 - val_loss: -0.9721 - val_dice_coef: 0.9721
Epoch 54/100
670/670 [==============================] - 3s - loss: -0.9743 - dice_coef: 0.9743 - val_loss: -0.9727 - val_dice_coef: 0.9727
Epoch 55/100
670/670 [==============================] - 3s - loss: -0.9746 - dice_coef: 0.9746 - val_loss: -0.9735 - val_dice_coef: 0.9735
Epoch 56/100
670/670 [==============================] - 3s - loss: -0.9749 - dice_coef: 0.9749 - val_loss: -0.9739 - val_dice_coef: 0.9739
Epoch 57/100
670/670 [==============================] - 3s - loss: -0.9751 - dice_coef: 0.9751 - val_loss: -0.9738 - val_dice_coef: 0.9738
Epoch 58/100
670/670 [==============================] - 3s - loss: -0.9748 - dice_coef: 0.9748 - val_loss: -0.9742 - val_dice_coef: 0.9742
Epoch 59/100
670/670 [==============================] - 3s - loss: -0.9761 - dice_coef: 0.9761 - val_loss: -0.9742 - val_dice_coef: 0.9742
Epoch 60/100
670/670 [==============================] - 3s - loss: -0.9763 - dice_coef: 0.9763 - val_loss: -0.9748 - val_dice_coef: 0.9748
Epoch 61/100
670/670 [==============================] - 3s - loss: -0.9769 - dice_coef: 0.9769 - val_loss: -0.9750 - val_dice_coef: 0.9750
Epoch 62/100
670/670 [==============================] - 3s - loss: -0.9769 - dice_coef: 0.9769 - val_loss: -0.9748 - val_dice_coef: 0.9748
Epoch 63/100
670/670 [==============================] - 3s - loss: -0.9771 - dice_coef: 0.9771 - val_loss: -0.9751 - val_dice_coef: 0.9751
Epoch 64/100
670/670 [==============================] - 3s - loss: -0.9776 - dice_coef: 0.9776 - val_loss: -0.9760 - val_dice_coef: 0.9760
Epoch 65/100
670/670 [==============================] - 3s - loss: -0.9776 - dice_coef: 0.9776 - val_loss: -0.9758 - val_dice_coef: 0.9758
Epoch 66/100
670/670 [==============================] - 3s - loss: -0.9781 - dice_coef: 0.9781 - val_loss: -0.9763 - val_dice_coef: 0.9763
Epoch 67/100
670/670 [==============================] - 3s - loss: -0.9778 - dice_coef: 0.9778 - val_loss: -0.9762 - val_dice_coef: 0.9762
Epoch 68/100
670/670 [==============================] - 3s - loss: -0.9784 - dice_coef: 0.9784 - val_loss: -0.9764 - val_dice_coef: 0.9764
Epoch 69/100
670/670 [==============================] - 3s - loss: -0.9788 - dice_coef: 0.9788 - val_loss: -0.9766 - val_dice_coef: 0.9766
Epoch 70/100
670/670 [==============================] - 3s - loss: -0.9789 - dice_coef: 0.9789 - val_loss: -0.9769 - val_dice_coef: 0.9769
Epoch 71/100
670/670 [==============================] - 3s - loss: -0.9790 - dice_coef: 0.9790 - val_loss: -0.9771 - val_dice_coef: 0.9771
Epoch 72/100
670/670 [==============================] - 3s - loss: -0.9794 - dice_coef: 0.9794 - val_loss: -0.9773 - val_dice_coef: 0.9773
Epoch 73/100
670/670 [==============================] - 3s - loss: -0.9795 - dice_coef: 0.9795 - val_loss: -0.9773 - val_dice_coef: 0.9773
Epoch 74/100
670/670 [==============================] - 3s - loss: -0.9796 - dice_coef: 0.9796 - val_loss: -0.9775 - val_dice_coef: 0.9775
Epoch 75/100
670/670 [==============================] - 3s - loss: -0.9789 - dice_coef: 0.9789 - val_loss: -0.9766 - val_dice_coef: 0.9766
Epoch 76/100
670/670 [==============================] - 3s - loss: -0.9794 - dice_coef: 0.9794 - val_loss: -0.9772 - val_dice_coef: 0.9772
Epoch 77/100
670/670 [==============================] - 3s - loss: -0.9798 - dice_coef: 0.9798 - val_loss: -0.9776 - val_dice_coef: 0.9776
Epoch 78/100
670/670 [==============================] - 3s - loss: -0.9802 - dice_coef: 0.9802 - val_loss: -0.9777 - val_dice_coef: 0.9777
Epoch 79/100
670/670 [==============================] - 3s - loss: -0.9801 - dice_coef: 0.9801 - val_loss: -0.9782 - val_dice_coef: 0.9782
Epoch 80/100
670/670 [==============================] - 3s - loss: -0.9803 - dice_coef: 0.9803 - val_loss: -0.9782 - val_dice_coef: 0.9782
Epoch 81/100
670/670 [==============================] - 3s - loss: -0.9805 - dice_coef: 0.9805 - val_loss: -0.9781 - val_dice_coef: 0.9781
Epoch 82/100
670/670 [==============================] - 3s - loss: -0.9807 - dice_coef: 0.9807 - val_loss: -0.9784 - val_dice_coef: 0.9784
Epoch 83/100
670/670 [==============================] - 3s - loss: -0.9809 - dice_coef: 0.9809 - val_loss: -0.9784 - val_dice_coef: 0.9784
Epoch 84/100
670/670 [==============================] - 3s - loss: -0.9807 - dice_coef: 0.9807 - val_loss: -0.9785 - val_dice_coef: 0.9785
Epoch 85/100
670/670 [==============================] - 3s - loss: -0.9811 - dice_coef: 0.9811 - val_loss: -0.9783 - val_dice_coef: 0.9783
Epoch 86/100
670/670 [==============================] - 3s - loss: -0.9812 - dice_coef: 0.9812 - val_loss: -0.9787 - val_dice_coef: 0.9787
Epoch 87/100
670/670 [==============================] - 3s - loss: -0.9813 - dice_coef: 0.9813 - val_loss: -0.9786 - val_dice_coef: 0.9786
Epoch 88/100
670/670 [==============================] - 3s - loss: -0.9809 - dice_coef: 0.9809 - val_loss: -0.9787 - val_dice_coef: 0.9787
Epoch 89/100
670/670 [==============================] - 3s - loss: -0.9811 - dice_coef: 0.9811 - val_loss: -0.9788 - val_dice_coef: 0.9788
Epoch 90/100
670/670 [==============================] - 3s - loss: -0.9815 - dice_coef: 0.9815 - val_loss: -0.9788 - val_dice_coef: 0.9788
Epoch 91/100
670/670 [==============================] - 3s - loss: -0.9816 - dice_coef: 0.9816 - val_loss: -0.9791 - val_dice_coef: 0.9791
Epoch 92/100
670/670 [==============================] - 3s - loss: -0.9817 - dice_coef: 0.9817 - val_loss: -0.9791 - val_dice_coef: 0.9791
Epoch 93/100
670/670 [==============================] - 3s - loss: -0.9818 - dice_coef: 0.9818 - val_loss: -0.9793 - val_dice_coef: 0.9793
Epoch 94/100
670/670 [==============================] - 3s - loss: -0.9817 - dice_coef: 0.9817 - val_loss: -0.9792 - val_dice_coef: 0.9792
Epoch 95/100
670/670 [==============================] - 3s - loss: -0.9819 - dice_coef: 0.9819 - val_loss: -0.9792 - val_dice_coef: 0.9792
Epoch 96/100
670/670 [==============================] - 3s - loss: -0.9815 - dice_coef: 0.9815 - val_loss: -0.9777 - val_dice_coef: 0.9777
Epoch 97/100
670/670 [==============================] - 3s - loss: -0.9816 - dice_coef: 0.9816 - val_loss: -0.9785 - val_dice_coef: 0.9785
Epoch 98/100
670/670 [==============================] - 3s - loss: -0.9817 - dice_coef: 0.9817 - val_loss: -0.9794 - val_dice_coef: 0.9794
Epoch 99/100
670/670 [==============================] - 3s - loss: -0.9819 - dice_coef: 0.9819 - val_loss: -0.9793 - val_dice_coef: 0.9793
Epoch 100/100
670/670 [==============================] - 3s - loss: -0.9820 - dice_coef: 0.9820 - val_loss: -0.9792 - val_dice_coef: 0.9792

real    5m50.884s
user    5m23.500s
sys     0m40.500s
